<?xml version="1.0" encoding="UTF-8"?>
<testng-results ignored="0" total="1" passed="1" failed="0" skipped="0">
  <reporter-output>
  </reporter-output>
  <suite started-at="2020-05-19T14:33:49 CDT" name="Default suite" finished-at="2020-05-19T14:33:49 CDT" duration-ms="51">
    <groups>
    </groups>
    <test started-at="2020-05-19T14:33:49 CDT" name="Default test" finished-at="2020-05-19T14:33:49 CDT" duration-ms="51">
      <class name="com.syntax.test.TestNGtest">
        <test-method signature="hello()[pri:0, instance:com.syntax.test.TestNGtest@fdefd3f]" started-at="2020-05-19T14:33:49 CDT" name="hello" finished-at="2020-05-19T14:33:49 CDT" duration-ms="12" status="PASS">
          <reporter-output>
          </reporter-output>
        </test-method> <!-- hello -->
      </class> <!-- com.syntax.test.TestNGtest -->
    </test> <!-- Default test -->
  </suite> <!-- Default suite -->
</testng-results>
